cgi-bin/build_layout.bash 077ce062bbbf8c1be21186ffa33ba0b315a90d4229e441 MD1.1  "MD1.1-Standard-0.kll" "MD1.1-Standard-1.kll" "MD1.1-Standard-2.kll"  2>&1
+ BaseMapOverride='scancode_map scancode_map.MD1.1-Standard-0.kll'
+ DefaultMapOverride='stdFuncMap MD1.1-Standard-1'
+ PartialMapsExpandedOverride='stdFuncMap MD1.1-Standard-2'
+ CMakeExtraArgs=-DCONFIGURATOR=1
+ /srv/KiiConf/controller/Keyboards/infinity_led.bash -c /srv/KiiConf/controller -o /srv/KiiConf/tmp/077ce062bbbf8c1be21186ffa33ba0b315a90d4229e441
linux-gnu/Linux is supported.
Unix Build
Selected Generator: Ninja
/srv/KiiConf/tmp/077ce062bbbf8c1be21186ffa33ba0b315a90d4229e441
-- Build CPU Detected:
x86_64
-- Build Kernel Detected:
Linux 4.14.12-x86_64-linode92
-- Compiler Family:
arm
-- Compiler Selected:
gcc
-- Chip Selected:
mk20dx128vlf5
-- Chip Family:
mk2x
-- CPU Selected:
cortex-m4
-- Compiler Source Files:
Lib/kinetis.c;Lib/delay.c;Lib/entropy.c;Lib/periodic.c;Lib/time.c
-- Bootloader Type:
dfu
-- Full Compiler:
/usr/bin/arm-none-eabi-gcc 
-- Detected Scan Module Source Files:
Scan/Devices/ISSILed/i2c.c;Scan/Devices/ISSILed/led_scan.c;Scan/Devices/MatrixARMPeriodic/matrix_scan.c;Scan/Infinity_60_LED/scan_loop.c
-- Detected Macro Module Source Files:
Macro/PartialMap/kll.c;Macro/PartialMap/macro.c;Macro/PartialMap/result.c;Macro/PartialMap/trigger.c;Macro/PixelMap/pixel.c;/srv/KiiConf/tmp/077ce062bbbf8c1be21186ffa33ba0b315a90d4229e441/generatedPixelmap.c
-- Detected Output Module Source Files:
Output/HID-IO/hidio_com.c;Output/Interface/output_gen.c;Output/USB/output_com.c;Output/USB/output_usb.c;Output/USB/arm/usb_desc.c;Output/USB/arm/usb_dev.c;Output/USB/arm/usb_joystick.c;Output/USB/arm/usb_keyboard.c;Output/USB/arm/usb_mem.c;Output/USB/arm/usb_mouse.c;Output/USB/arm/usb_rawio.c;Output/USB/arm/usb_serial.c
-- Detected Debug Module Source Files:
Debug/cli/cli.c;Debug/latency/latency.c;Debug/led/led.c;Debug/print/print.c
-- Found Git: /usr/bin/git (found version "1.9.1") 
No LSB modules are available.
-- Found LSB_RELEASE: /usr/bin/lsb_release  
-- Build OS Detected:
Ubuntu 14.04.5 LTS trusty
-- Found Ctags: /usr/bin/ctags-exuberant (found version "5.9~svn20110310") 
ctags-exuberant: cannot open tag file : Permission denied
-- Found PythonInterp: python3 (found suitable version "3.4.3", minimum required is "3") 
-- Detected Layout Files:
/srv/KiiConf/controller/Scan/Devices/ISSILed/capabilities.kll
/srv/KiiConf/controller/Scan/Devices/MatrixARMPeriodic/capabilities.kll
/srv/KiiConf/controller/Macro/PartialMap/capabilities.kll
/srv/KiiConf/controller/Macro/PixelMap/capabilities.kll
/srv/KiiConf/controller/Output/HID-IO/capabilities.kll
/srv/KiiConf/controller/Output/USB/capabilities.kll
/srv/KiiConf/controller/Debug/latency/capabilities.kll
/srv/KiiConf/controller/Scan/Infinity_60_LED/scancode_map.kll
/srv/KiiConf/controller/Scan/Infinity_60_LED/scancode_map.kll
/srv/KiiConf/controller/kll/layouts/stdFuncMap.kll
/srv/KiiConf/tmp/077ce062bbbf8c1be21186ffa33ba0b315a90d4229e441/MD1.1-Standard-1.kll
/srv/KiiConf/controller/kll/layouts/stdFuncMap.kll
/srv/KiiConf/tmp/077ce062bbbf8c1be21186ffa33ba0b315a90d4229e441/MD1.1-Standard-2.kll
-- Found DFU_SUFFIX: /usr/local/bin/dfu-suffix (found version "0.8") 
-- Configuring done
-- Generating done
-- Build files have been written to: /srv/KiiConf/tmp/077ce062bbbf8c1be21186ffa33ba0b315a90d4229e441
[1/36] Generating KLL Layout
kll BETA 0.5c.ebbaeebdbec670071bbf84b1533ee7f98163ec1f - 2018-02-13 23:18:31 -0800
-- Generating --
/srv/KiiConf/tmp/077ce062bbbf8c1be21186ffa33ba0b315a90d4229e441/kll_defs.h
/srv/KiiConf/tmp/077ce062bbbf8c1be21186ffa33ba0b315a90d4229e441/generatedKeymap.h
/srv/KiiConf/tmp/077ce062bbbf8c1be21186ffa33ba0b315a90d4229e441/generatedPixelmap.c
/srv/KiiConf/tmp/077ce062bbbf8c1be21186ffa33ba0b315a90d4229e441/kll.json
[2/36] Building C object CMakeFiles/kiibohd.dir/main.c.o
[3/36] Building C object CMakeFiles/kiibohd.dir/Lib/kinetis.c.o
[4/36] Building C object CMakeFiles/kiibohd.dir/Lib/delay.c.o
[5/36] Building C object CMakeFiles/kiibohd.dir/Lib/entropy.c.o
[6/36] Building C object CMakeFiles/kiibohd.dir/Lib/periodic.c.o
[7/36] Building C object CMakeFiles/kiibohd.dir/Macro/PartialMap/trigger.c.o
[8/36] Building C object CMakeFiles/kiibohd.dir/Lib/time.c.o
[9/36] Building C object CMakeFiles/kiibohd.dir/Scan/Devices/MatrixARMPeriodic/matrix_scan.c.o
[10/36] Building C object CMakeFiles/kiibohd.dir/Scan/Devices/ISSILed/i2c.c.o
[11/36] Building C object CMakeFiles/kiibohd.dir/Scan/Devices/ISSILed/led_scan.c.o
[12/36] Building C object CMakeFiles/kiibohd.dir/Macro/PartialMap/kll.c.o
[13/36] Building C object CMakeFiles/kiibohd.dir/Scan/Infinity_60_LED/scan_loop.c.o
[14/36] Building C object CMakeFiles/kiibohd.dir/Macro/PixelMap/pixel.c.o
[15/36] Building C object CMakeFiles/kiibohd.dir/Macro/PartialMap/macro.c.o
[16/36] Building C object CMakeFiles/kiibohd.dir/Macro/PartialMap/result.c.o
[17/36] Building C object CMakeFiles/kiibohd.dir/generatedPixelmap.c.o
[18/36] Building C object CMakeFiles/kiibohd.dir/Output/USB/output_com.c.o
[19/36] Building C object CMakeFiles/kiibohd.dir/Output/HID-IO/hidio_com.c.o
[20/36] Building C object CMakeFiles/kiibohd.dir/Output/Interface/output_gen.c.o
[21/36] Building C object CMakeFiles/kiibohd.dir/Output/USB/output_usb.c.o
[22/36] Building C object CMakeFiles/kiibohd.dir/Output/USB/arm/usb_desc.c.o
[23/36] Building C object CMakeFiles/kiibohd.dir/Output/USB/arm/usb_dev.c.o
[24/36] Building C object CMakeFiles/kiibohd.dir/Output/USB/arm/usb_joystick.c.o
[25/36] Building C object CMakeFiles/kiibohd.dir/Output/USB/arm/usb_keyboard.c.o
[26/36] Building C object CMakeFiles/kiibohd.dir/Output/USB/arm/usb_mem.c.o
[27/36] Building C object CMakeFiles/kiibohd.dir/Output/USB/arm/usb_mouse.c.o
[28/36] Building C object CMakeFiles/kiibohd.dir/Output/USB/arm/usb_rawio.c.o
[29/36] Building C object CMakeFiles/kiibohd.dir/Output/USB/arm/usb_serial.c.o
[30/36] Building C object CMakeFiles/kiibohd.dir/Debug/cli/cli.c.o
[31/36] Building C object CMakeFiles/kiibohd.dir/Debug/latency/latency.c.o
[32/36] Building C object CMakeFiles/kiibohd.dir/Debug/led/led.c.o
[33/36] Building C object CMakeFiles/kiibohd.dir/Debug/print/print.c.o
[34/36] Linking C executable kiibohd.elf
Setting new key
Key Prepended: 0000000000000000
[35/36] Chip usage for mk20dx128vlf5
[36/36] Message for DFU targets
NOTE: kiibohd.secure.dfu.bin is required for secure Kiibohd Bootloaders.
Only keyboards from late 2017 and onwards, support this.
See lsusb -d 1c11: -v and look for iInterface 4 Kiibohd DFU Secure.
Otherwise, use the kiibohd.dfu.bin file when it says iInterface 4 Kiibohd DFU.
Use the physical reset button on the back of the keyboard to temporarily disable secure mode.
NOTE2: Secure mode is disabled currently, but will be enabled when key negotiation is supported.
	 SRAM: 	52% 	8520/16384	bytes
	Flash: 	39% 	48484/122880	bytes
Firmware has been compiled into: '/srv/KiiConf/tmp/077ce062bbbf8c1be21186ffa33ba0b315a90d4229e441'
/srv/KiiConf/dist
+ RETVAL=0
+ set +x
Compilation Completed.
